<?xml version="1.0" encoding="UTF-8"?>
<testng-results skipped="0" failed="1" ignored="0" total="5" passed="4">
  <reporter-output>
  </reporter-output>
  <suite name="Suite" duration-ms="49555" started-at="2021-03-29T02:00:40Z" finished-at="2021-03-29T02:01:29Z">
    <groups>
    </groups>
    <test name="Test" duration-ms="49555" started-at="2021-03-29T02:00:40Z" finished-at="2021-03-29T02:01:29Z">
      <class name="Academy.HomePage">
        <test-method status="PASS" signature="initializeTest()[pri:0, instance:Academy.HomePage@351d0846]" name="initializeTest" is-config="true" duration-ms="8653" started-at="2021-03-29T02:00:40Z" finished-at="2021-03-29T02:00:48Z">
          <reporter-output>
          </reporter-output>
        </test-method> <!-- initializeTest -->
        <test-method status="PASS" signature="initializeBrowserTest(java.lang.String, java.lang.String)[pri:0, instance:Academy.HomePage@351d0846]" name="initializeBrowserTest" duration-ms="3155" started-at="2021-03-29T02:00:48Z" data-provider="dataSet" finished-at="2021-03-29T02:00:52Z">
          <params>
            <param index="0">
              <value>
                <![CDATA[abc@gmail.com]]>
              </value>
            </param>
            <param index="1">
              <value>
                <![CDATA[1234567]]>
              </value>
            </param>
          </params>
          <reporter-output>
          </reporter-output>
        </test-method> <!-- initializeBrowserTest -->
        <test-method status="PASS" signature="tearDown()[pri:0, instance:Academy.HomePage@351d0846]" name="tearDown" is-config="true" duration-ms="218" started-at="2021-03-29T02:00:52Z" finished-at="2021-03-29T02:00:52Z">
          <reporter-output>
          </reporter-output>
        </test-method> <!-- tearDown -->
        <test-method status="PASS" signature="initializeTest()[pri:0, instance:Academy.HomePage@351d0846]" name="initializeTest" is-config="true" duration-ms="6285" started-at="2021-03-29T02:00:52Z" finished-at="2021-03-29T02:00:58Z">
          <reporter-output>
          </reporter-output>
        </test-method> <!-- initializeTest -->
        <test-method status="PASS" signature="initializeBrowserTest(java.lang.String, java.lang.String)[pri:0, instance:Academy.HomePage@351d0846]" name="initializeBrowserTest" duration-ms="3009" started-at="2021-03-29T02:00:58Z" data-provider="dataSet" finished-at="2021-03-29T02:01:01Z">
          <params>
            <param index="0">
              <value>
                <![CDATA[def@gmail.com]]>
              </value>
            </param>
            <param index="1">
              <value>
                <![CDATA[7654321]]>
              </value>
            </param>
          </params>
          <reporter-output>
          </reporter-output>
        </test-method> <!-- initializeBrowserTest -->
        <test-method status="PASS" signature="tearDown()[pri:0, instance:Academy.HomePage@351d0846]" name="tearDown" is-config="true" duration-ms="223" started-at="2021-03-29T02:01:01Z" finished-at="2021-03-29T02:01:01Z">
          <reporter-output>
          </reporter-output>
        </test-method> <!-- tearDown -->
        <test-method status="PASS" signature="initializeTest()[pri:0, instance:Academy.HomePage@351d0846]" name="initializeTest" is-config="true" duration-ms="8646" started-at="2021-03-29T02:01:01Z" finished-at="2021-03-29T02:01:10Z">
          <reporter-output>
          </reporter-output>
        </test-method> <!-- initializeTest -->
        <test-method status="PASS" signature="initializeBrowserTest(java.lang.String, java.lang.String)[pri:0, instance:Academy.HomePage@351d0846]" name="initializeBrowserTest" duration-ms="3691" started-at="2021-03-29T02:01:10Z" data-provider="dataSet" finished-at="2021-03-29T02:01:14Z">
          <params>
            <param index="0">
              <value>
                <![CDATA[ghi@gmail.com]]>
              </value>
            </param>
            <param index="1">
              <value>
                <![CDATA[45877]]>
              </value>
            </param>
          </params>
          <reporter-output>
          </reporter-output>
        </test-method> <!-- initializeBrowserTest -->
        <test-method status="PASS" signature="tearDown()[pri:0, instance:Academy.HomePage@351d0846]" name="tearDown" is-config="true" duration-ms="252" started-at="2021-03-29T02:01:14Z" finished-at="2021-03-29T02:01:14Z">
          <reporter-output>
          </reporter-output>
        </test-method> <!-- tearDown -->
        <test-method status="PASS" signature="initializeTest()[pri:0, instance:Academy.HomePage@351d0846]" name="initializeTest" is-config="true" duration-ms="7274" started-at="2021-03-29T02:01:14Z" finished-at="2021-03-29T02:01:21Z">
          <reporter-output>
          </reporter-output>
        </test-method> <!-- initializeTest -->
        <test-method status="FAIL" signature="validateTitle()[pri:0, instance:Academy.HomePage@351d0846]" name="validateTitle" duration-ms="100" started-at="2021-03-29T02:01:21Z" finished-at="2021-03-29T02:01:21Z">
          <exception class="java.lang.AssertionError">
            <message>
              <![CDATA[expected [FEATURED COURSES] but found [Featured Courses]]]>
            </message>
            <full-stacktrace>
              <![CDATA[java.lang.AssertionError: expected [FEATURED COURSES] but found [Featured Courses]
at org.testng.Assert.fail(Assert.java:96)
at org.testng.Assert.failNotEquals(Assert.java:776)
at org.testng.Assert.assertEqualsImpl(Assert.java:137)
at org.testng.Assert.assertEquals(Assert.java:118)
at org.testng.Assert.assertEquals(Assert.java:453)
at org.testng.Assert.assertEquals(Assert.java:463)
at Academy.HomePage.validateTitle(HomePage.java:61)
at sun.reflect.NativeMethodAccessorImpl.invoke0(Native Method)
at sun.reflect.NativeMethodAccessorImpl.invoke(NativeMethodAccessorImpl.java:62)
at sun.reflect.DelegatingMethodAccessorImpl.invoke(DelegatingMethodAccessorImpl.java:43)
at java.lang.reflect.Method.invoke(Method.java:498)
at org.testng.internal.MethodInvocationHelper.invokeMethod(MethodInvocationHelper.java:124)
at org.testng.internal.Invoker.invokeMethod(Invoker.java:583)
at org.testng.internal.Invoker.invokeTestMethod(Invoker.java:719)
at org.testng.internal.Invoker.invokeTestMethods(Invoker.java:989)
at org.testng.internal.TestMethodWorker.invokeTestMethods(TestMethodWorker.java:125)
at org.testng.internal.TestMethodWorker.run(TestMethodWorker.java:109)
at org.testng.TestRunner.privateRun(TestRunner.java:648)
at org.testng.TestRunner.run(TestRunner.java:505)
at org.testng.SuiteRunner.runTest(SuiteRunner.java:455)
at org.testng.SuiteRunner.runSequentially(SuiteRunner.java:450)
at org.testng.SuiteRunner.privateRun(SuiteRunner.java:415)
at org.testng.SuiteRunner.run(SuiteRunner.java:364)
at org.testng.SuiteRunnerWorker.runSuite(SuiteRunnerWorker.java:52)
at org.testng.SuiteRunnerWorker.run(SuiteRunnerWorker.java:84)
at org.testng.TestNG.runSuitesSequentially(TestNG.java:1208)
at org.testng.TestNG.runSuitesLocally(TestNG.java:1137)
at org.testng.TestNG.runSuites(TestNG.java:1049)
at org.testng.TestNG.run(TestNG.java:1017)
at org.apache.maven.surefire.testng.TestNGExecutor.run(TestNGExecutor.java:284)
at org.apache.maven.surefire.testng.TestNGXmlTestSuite.execute(TestNGXmlTestSuite.java:75)
at org.apache.maven.surefire.testng.TestNGProvider.invoke(TestNGProvider.java:119)
at org.apache.maven.surefire.booter.ForkedBooter.runSuitesInProcess(ForkedBooter.java:428)
at org.apache.maven.surefire.booter.ForkedBooter.execute(ForkedBooter.java:162)
at org.apache.maven.surefire.booter.ForkedBooter.run(ForkedBooter.java:562)
at org.apache.maven.surefire.booter.ForkedBooter.main(ForkedBooter.java:548)
]]>
            </full-stacktrace>
          </exception> <!-- java.lang.AssertionError -->
          <reporter-output>
          </reporter-output>
        </test-method> <!-- validateTitle -->
        <test-method status="PASS" signature="tearDown()[pri:0, instance:Academy.HomePage@351d0846]" name="tearDown" is-config="true" duration-ms="249" started-at="2021-03-29T02:01:21Z" finished-at="2021-03-29T02:01:21Z">
          <reporter-output>
          </reporter-output>
        </test-method> <!-- tearDown -->
        <test-method status="PASS" signature="initializeTest()[pri:0, instance:Academy.HomePage@351d0846]" name="initializeTest" is-config="true" duration-ms="7330" started-at="2021-03-29T02:01:21Z" finished-at="2021-03-29T02:01:29Z">
          <reporter-output>
          </reporter-output>
        </test-method> <!-- initializeTest -->
        <test-method status="PASS" signature="validationPresenceOfNavigationBar()[pri:0, instance:Academy.HomePage@351d0846]" name="validationPresenceOfNavigationBar" duration-ms="191" started-at="2021-03-29T02:01:29Z" finished-at="2021-03-29T02:01:29Z">
          <reporter-output>
          </reporter-output>
        </test-method> <!-- validationPresenceOfNavigationBar -->
        <test-method status="PASS" signature="tearDown()[pri:0, instance:Academy.HomePage@351d0846]" name="tearDown" is-config="true" duration-ms="214" started-at="2021-03-29T02:01:29Z" finished-at="2021-03-29T02:01:29Z">
          <reporter-output>
          </reporter-output>
        </test-method> <!-- tearDown -->
      </class> <!-- Academy.HomePage -->
    </test> <!-- Test -->
  </suite> <!-- Suite -->
</testng-results>
