<?xml version="1.0" encoding="UTF-8"?>
<testng-results skipped="0" failed="1" ignored="0" total="5" passed="4">
  <reporter-output>
  </reporter-output>
  <suite name="Suite" duration-ms="55238" started-at="2021-04-01T19:49:31Z" finished-at="2021-04-01T19:50:26Z">
    <groups>
    </groups>
    <test name="Test" duration-ms="55238" started-at="2021-04-01T19:49:31Z" finished-at="2021-04-01T19:50:26Z">
      <class name="Academy.HomePage">
        <test-method status="PASS" signature="initializeTest()[pri:0, instance:Academy.HomePage@212bf671]" name="initializeTest" is-config="true" duration-ms="10532" started-at="2021-04-01T19:49:31Z" finished-at="2021-04-01T19:49:42Z">
          <reporter-output>
          </reporter-output>
        </test-method> <!-- initializeTest -->
        <test-method status="PASS" signature="initializeBrowserTest(java.lang.String, java.lang.String)[pri:0, instance:Academy.HomePage@212bf671]" name="initializeBrowserTest" duration-ms="3796" started-at="2021-04-01T19:49:42Z" data-provider="dataSet" finished-at="2021-04-01T19:49:45Z">
          <params>
            <param index="0">
              <value>
                <![CDATA[abc@gmail.com]]>
              </value>
            </param>
            <param index="1">
              <value>
                <![CDATA[1234567]]>
              </value>
            </param>
          </params>
          <reporter-output>
          </reporter-output>
        </test-method> <!-- initializeBrowserTest -->
        <test-method status="PASS" signature="tearDown()[pri:0, instance:Academy.HomePage@212bf671]" name="tearDown" is-config="true" duration-ms="401" started-at="2021-04-01T19:49:45Z" finished-at="2021-04-01T19:49:46Z">
          <reporter-output>
          </reporter-output>
        </test-method> <!-- tearDown -->
        <test-method status="PASS" signature="initializeTest()[pri:0, instance:Academy.HomePage@212bf671]" name="initializeTest" is-config="true" duration-ms="7035" started-at="2021-04-01T19:49:46Z" finished-at="2021-04-01T19:49:53Z">
          <reporter-output>
          </reporter-output>
        </test-method> <!-- initializeTest -->
        <test-method status="PASS" signature="initializeBrowserTest(java.lang.String, java.lang.String)[pri:0, instance:Academy.HomePage@212bf671]" name="initializeBrowserTest" duration-ms="3710" started-at="2021-04-01T19:49:53Z" data-provider="dataSet" finished-at="2021-04-01T19:49:56Z">
          <params>
            <param index="0">
              <value>
                <![CDATA[def@gmail.com]]>
              </value>
            </param>
            <param index="1">
              <value>
                <![CDATA[7654321]]>
              </value>
            </param>
          </params>
          <reporter-output>
          </reporter-output>
        </test-method> <!-- initializeBrowserTest -->
        <test-method status="PASS" signature="tearDown()[pri:0, instance:Academy.HomePage@212bf671]" name="tearDown" is-config="true" duration-ms="306" started-at="2021-04-01T19:49:56Z" finished-at="2021-04-01T19:49:57Z">
          <reporter-output>
          </reporter-output>
        </test-method> <!-- tearDown -->
        <test-method status="PASS" signature="initializeTest()[pri:0, instance:Academy.HomePage@212bf671]" name="initializeTest" is-config="true" duration-ms="9378" started-at="2021-04-01T19:49:57Z" finished-at="2021-04-01T19:50:06Z">
          <reporter-output>
          </reporter-output>
        </test-method> <!-- initializeTest -->
        <test-method status="PASS" signature="initializeBrowserTest(java.lang.String, java.lang.String)[pri:0, instance:Academy.HomePage@212bf671]" name="initializeBrowserTest" duration-ms="3791" started-at="2021-04-01T19:50:06Z" data-provider="dataSet" finished-at="2021-04-01T19:50:10Z">
          <params>
            <param index="0">
              <value>
                <![CDATA[ghi@gmail.com]]>
              </value>
            </param>
            <param index="1">
              <value>
                <![CDATA[45877]]>
              </value>
            </param>
          </params>
          <reporter-output>
          </reporter-output>
        </test-method> <!-- initializeBrowserTest -->
        <test-method status="PASS" signature="tearDown()[pri:0, instance:Academy.HomePage@212bf671]" name="tearDown" is-config="true" duration-ms="163" started-at="2021-04-01T19:50:10Z" finished-at="2021-04-01T19:50:10Z">
          <reporter-output>
          </reporter-output>
        </test-method> <!-- tearDown -->
        <test-method status="PASS" signature="initializeTest()[pri:0, instance:Academy.HomePage@212bf671]" name="initializeTest" is-config="true" duration-ms="7937" started-at="2021-04-01T19:50:10Z" finished-at="2021-04-01T19:50:18Z">
          <reporter-output>
          </reporter-output>
        </test-method> <!-- initializeTest -->
        <test-method status="FAIL" signature="validateTitle()[pri:0, instance:Academy.HomePage@212bf671]" name="validateTitle" duration-ms="81" started-at="2021-04-01T19:50:18Z" finished-at="2021-04-01T19:50:18Z">
          <exception class="java.lang.AssertionError">
            <message>
              <![CDATA[expected [FEATURED COURSES] but found [Featured Courses]]]>
            </message>
            <full-stacktrace>
              <![CDATA[java.lang.AssertionError: expected [FEATURED COURSES] but found [Featured Courses]
at org.testng.Assert.fail(Assert.java:96)
at org.testng.Assert.failNotEquals(Assert.java:776)
at org.testng.Assert.assertEqualsImpl(Assert.java:137)
at org.testng.Assert.assertEquals(Assert.java:118)
at org.testng.Assert.assertEquals(Assert.java:453)
at org.testng.Assert.assertEquals(Assert.java:463)
at Academy.HomePage.validateTitle(HomePage.java:61)
at sun.reflect.NativeMethodAccessorImpl.invoke0(Native Method)
at sun.reflect.NativeMethodAccessorImpl.invoke(NativeMethodAccessorImpl.java:62)
at sun.reflect.DelegatingMethodAccessorImpl.invoke(DelegatingMethodAccessorImpl.java:43)
at java.lang.reflect.Method.invoke(Method.java:498)
at org.testng.internal.MethodInvocationHelper.invokeMethod(MethodInvocationHelper.java:124)
at org.testng.internal.Invoker.invokeMethod(Invoker.java:583)
at org.testng.internal.Invoker.invokeTestMethod(Invoker.java:719)
at org.testng.internal.Invoker.invokeTestMethods(Invoker.java:989)
at org.testng.internal.TestMethodWorker.invokeTestMethods(TestMethodWorker.java:125)
at org.testng.internal.TestMethodWorker.run(TestMethodWorker.java:109)
at org.testng.TestRunner.privateRun(TestRunner.java:648)
at org.testng.TestRunner.run(TestRunner.java:505)
at org.testng.SuiteRunner.runTest(SuiteRunner.java:455)
at org.testng.SuiteRunner.runSequentially(SuiteRunner.java:450)
at org.testng.SuiteRunner.privateRun(SuiteRunner.java:415)
at org.testng.SuiteRunner.run(SuiteRunner.java:364)
at org.testng.SuiteRunnerWorker.runSuite(SuiteRunnerWorker.java:52)
at org.testng.SuiteRunnerWorker.run(SuiteRunnerWorker.java:84)
at org.testng.TestNG.runSuitesSequentially(TestNG.java:1208)
at org.testng.TestNG.runSuitesLocally(TestNG.java:1137)
at org.testng.TestNG.runSuites(TestNG.java:1049)
at org.testng.TestNG.run(TestNG.java:1017)
at org.testng.remote.AbstractRemoteTestNG.run(AbstractRemoteTestNG.java:115)
at org.testng.remote.RemoteTestNG.initAndRun(RemoteTestNG.java:251)
at org.testng.remote.RemoteTestNG.main(RemoteTestNG.java:77)
]]>
            </full-stacktrace>
          </exception> <!-- java.lang.AssertionError -->
          <reporter-output>
          </reporter-output>
        </test-method> <!-- validateTitle -->
        <test-method status="PASS" signature="tearDown()[pri:0, instance:Academy.HomePage@212bf671]" name="tearDown" is-config="true" duration-ms="216" started-at="2021-04-01T19:50:18Z" finished-at="2021-04-01T19:50:18Z">
          <reporter-output>
          </reporter-output>
        </test-method> <!-- tearDown -->
        <test-method status="PASS" signature="initializeTest()[pri:0, instance:Academy.HomePage@212bf671]" name="initializeTest" is-config="true" duration-ms="7239" started-at="2021-04-01T19:50:18Z" finished-at="2021-04-01T19:50:26Z">
          <reporter-output>
          </reporter-output>
        </test-method> <!-- initializeTest -->
        <test-method status="PASS" signature="validationPresenceOfNavigationBar()[pri:0, instance:Academy.HomePage@212bf671]" name="validationPresenceOfNavigationBar" duration-ms="148" started-at="2021-04-01T19:50:26Z" finished-at="2021-04-01T19:50:26Z">
          <reporter-output>
          </reporter-output>
        </test-method> <!-- validationPresenceOfNavigationBar -->
        <test-method status="PASS" signature="tearDown()[pri:0, instance:Academy.HomePage@212bf671]" name="tearDown" is-config="true" duration-ms="389" started-at="2021-04-01T19:50:26Z" finished-at="2021-04-01T19:50:26Z">
          <reporter-output>
          </reporter-output>
        </test-method> <!-- tearDown -->
      </class> <!-- Academy.HomePage -->
    </test> <!-- Test -->
  </suite> <!-- Suite -->
</testng-results>
